<?xml version="1.0" encoding="UTF-8"?>
<!-- Generated by org.testng.reporters.JUnitXMLReporter -->
<testsuite hostname="DESKTOP-RKQETD7" ignored="0" name="Functional" tests="4" failures="0" timestamp="05 Aug 2020 20:39:26 GMT" time="141.433" errors="0">
  <testcase name="runScenario" time="33.776" classname="io.cucumber.testng.AbstractTestNGCucumberTests"/>
  <testcase name="runScenario" time="32.439" classname="io.cucumber.testng.AbstractTestNGCucumberTests"/>
  <testcase name="runScenario" time="31.404" classname="io.cucumber.testng.AbstractTestNGCucumberTests"/>
  <testcase name="runScenario" time="32.365" classname="io.cucumber.testng.AbstractTestNGCucumberTests"/>
</testsuite> <!-- Functional -->
